#! /usr/local/iverilog/bin/vvp
:ivl_version "11.0 (devel)" "(s20150603-642-g3bdb50da)";
:ivl_delay_selection "TYPICAL";
:vpi_time_precision + 0;
:vpi_module "system";
:vpi_module "vhdl_sys";
:vpi_module "vhdl_textio";
:vpi_module "v2005_math";
:vpi_module "va_math";
S_0000000000864ed0 .scope module, "gates" "gates" 2 1;
 .timescale 0 0;
L_0000000000865060 .functor NOT 1, v00000000001ab7d0_0, C4<0>, C4<0>, C4<0>;
L_00000000001aad20 .functor NOT 1, v00000000001aa8f0_0, C4<0>, C4<0>, C4<0>;
L_0000000000873e00 .functor NOT 1, v0000000000872b70_0, C4<0>, C4<0>, C4<0>;
L_00000000008ba020 .functor AND 1, L_0000000000865060, L_00000000001aad20, L_0000000000873e00, C4<1>;
L_00000000008ba090 .functor AND 1, L_0000000000865060, v00000000001aa8f0_0, L_0000000000873e00, C4<1>;
L_00000000008ba100 .functor AND 1, v00000000001ab7d0_0, L_00000000001aad20, L_0000000000873e00, C4<1>;
L_00000000008ba200 .functor AND 1, v00000000001ab7d0_0, L_00000000001aad20, v0000000000872b70_0, C4<1>;
L_00000000008ba300 .functor AND 1, v00000000001ab7d0_0, v00000000001aa8f0_0, v0000000000872b70_0, C4<1>;
L_00000000008bb010/0/0 .functor OR 1, L_00000000008ba020, L_00000000008ba090, L_00000000008ba100, L_00000000008ba200;
L_00000000008bb010/0/4 .functor OR 1, L_00000000008ba300, C4<0>, C4<0>, C4<0>;
L_00000000008bb010 .functor OR 1, L_00000000008bb010/0/0, L_00000000008bb010/0/4, C4<0>, C4<0>;
v00000000001ab7d0_0 .var "A", 0 0;
v00000000001aa8f0_0 .var "B", 0 0;
v0000000000872b70_0 .var "C", 0 0;
v0000000000872c10_0 .net "OUT", 0 0, L_00000000008bb010;  1 drivers
v0000000000872cb0_0 .net "w1", 0 0, L_0000000000865060;  1 drivers
v0000000000872d50_0 .net "w2", 0 0, L_00000000001aad20;  1 drivers
v0000000000873840_0 .net "w3", 0 0, L_0000000000873e00;  1 drivers
v00000000008733e0_0 .net "w4", 0 0, L_00000000008ba020;  1 drivers
v0000000000873160_0 .net "w5", 0 0, L_00000000008ba090;  1 drivers
v0000000000873b60_0 .net "w6", 0 0, L_00000000008ba100;  1 drivers
v00000000008738e0_0 .net "w7", 0 0, L_00000000008ba200;  1 drivers
v0000000000873980_0 .net "w8", 0 0, L_00000000008ba300;  1 drivers
    .scope S_0000000000864ed0;
T_0 ;
    %vpi_call 2 15 "$display", "A B C | Y" {0 0 0};
    %vpi_call 2 16 "$display", "--------" {0 0 0};
    %vpi_call 2 17 "$monitor", "%b %b %b| %b", v00000000001ab7d0_0, v00000000001aa8f0_0, v0000000000872b70_0, v0000000000872c10_0 {0 0 0};
    %pushi/vec4 0, 0, 1;
    %store/vec4 v00000000001ab7d0_0, 0, 1;
    %pushi/vec4 0, 0, 1;
    %store/vec4 v00000000001aa8f0_0, 0, 1;
    %pushi/vec4 0, 0, 1;
    %store/vec4 v0000000000872b70_0, 0, 1;
    %delay 1, 0;
    %pushi/vec4 1, 0, 1;
    %store/vec4 v0000000000872b70_0, 0, 1;
    %delay 1, 0;
    %pushi/vec4 1, 0, 1;
    %store/vec4 v00000000001aa8f0_0, 0, 1;
    %pushi/vec4 0, 0, 1;
    %store/vec4 v0000000000872b70_0, 0, 1;
    %delay 1, 0;
    %pushi/vec4 1, 0, 1;
    %store/vec4 v0000000000872b70_0, 0, 1;
    %delay 1, 0;
    %pushi/vec4 1, 0, 1;
    %store/vec4 v00000000001ab7d0_0, 0, 1;
    %pushi/vec4 0, 0, 1;
    %store/vec4 v00000000001aa8f0_0, 0, 1;
    %pushi/vec4 0, 0, 1;
    %store/vec4 v0000000000872b70_0, 0, 1;
    %delay 1, 0;
    %pushi/vec4 1, 0, 1;
    %store/vec4 v0000000000872b70_0, 0, 1;
    %delay 1, 0;
    %pushi/vec4 1, 0, 1;
    %store/vec4 v00000000001aa8f0_0, 0, 1;
    %pushi/vec4 0, 0, 1;
    %store/vec4 v0000000000872b70_0, 0, 1;
    %delay 1, 0;
    %pushi/vec4 1, 0, 1;
    %store/vec4 v0000000000872b70_0, 0, 1;
    %delay 1, 0;
    %vpi_call 2 26 "$finish" {0 0 0};
    %end;
    .thread T_0;
    .scope S_0000000000864ed0;
T_1 ;
    %vpi_call 2 31 "$dumpfile", "TABLA1SOP_tb.vcd" {0 0 0};
    %vpi_call 2 32 "$dumpvars", 32'sb00000000000000000000000000000000, S_0000000000864ed0 {0 0 0};
    %end;
    .thread T_1;
# The file index is used to find the file name in the following table.
:file_names 3;
    "N/A";
    "<interactive>";
    "TABLA1SOP.v";
