#! /usr/local/iverilog/bin/vvp
:ivl_version "11.0 (devel)" "(s20150603-642-g3bdb50da)";
:ivl_delay_selection "TYPICAL";
:vpi_time_precision + 0;
:vpi_module "system";
:vpi_module "vhdl_sys";
:vpi_module "vhdl_textio";
:vpi_module "v2005_math";
:vpi_module "va_math";
S_0000000000f355c0 .scope module, "gates" "gates" 2 1;
 .timescale 0 0;
L_00000000001ce6e0 .functor NOT 1, v0000000000f35260_0, C4<0>, C4<0>, C4<0>;
L_0000000000f43b70 .functor NOT 1, v0000000000f37ee0_0, C4<0>, C4<0>, C4<0>;
L_0000000000f43be0 .functor NOT 1, v0000000000f37f80_0, C4<0>, C4<0>, C4<0>;
L_0000000000f43c50 .functor NOT 1, v0000000000f38020_0, C4<0>, C4<0>, C4<0>;
L_0000000000f43cc0 .functor AND 1, L_00000000001ce6e0, L_0000000000f43b70, L_0000000000f43be0, L_0000000000f43c50;
L_0000000000f43d30 .functor AND 1, L_00000000001ce6e0, L_0000000000f43b70, v0000000000f37f80_0, L_0000000000f43c50;
L_0000000000f43da0 .functor AND 1, L_00000000001ce6e0, L_0000000000f43b70, v0000000000f37f80_0, v0000000000f38020_0;
L_0000000000f910d0 .functor AND 1, L_00000000001ce6e0, v0000000000f37ee0_0, v0000000000f37f80_0, L_0000000000f43c50;
L_0000000000f91260 .functor AND 1, L_00000000001ce6e0, v0000000000f37ee0_0, v0000000000f37f80_0, v0000000000f38020_0;
L_0000000000f912d0 .functor AND 1, v0000000000f35260_0, L_0000000000f43b70, L_0000000000f43be0, L_0000000000f43c50;
L_0000000000f91340 .functor AND 1, v0000000000f35260_0, L_0000000000f43b70, v0000000000f37f80_0, L_0000000000f43c50;
L_0000000000f913b0/0/0 .functor OR 1, L_0000000000f43cc0, L_0000000000f43d30, L_0000000000f43da0, L_0000000000f910d0;
L_0000000000f913b0/0/4 .functor OR 1, L_0000000000f91260, L_0000000000f912d0, L_0000000000f91340, C4<0>;
L_0000000000f913b0 .functor OR 1, L_0000000000f913b0/0/0, L_0000000000f913b0/0/4, C4<0>, C4<0>;
v0000000000f35260_0 .var "A", 0 0;
v0000000000f37ee0_0 .var "B", 0 0;
v0000000000f37f80_0 .var "C", 0 0;
v0000000000f38020_0 .var "D", 0 0;
v0000000000f90620_0 .net "OUT", 0 0, L_0000000000f913b0;  1 drivers
v0000000000f90580_0 .net "w1", 0 0, L_00000000001ce6e0;  1 drivers
v0000000000f90f80_0 .net "w10", 0 0, L_0000000000f912d0;  1 drivers
v0000000000f90d00_0 .net "w11", 0 0, L_0000000000f91340;  1 drivers
v0000000000f90ee0_0 .net "w2", 0 0, L_0000000000f43b70;  1 drivers
v0000000000f903a0_0 .net "w3", 0 0, L_0000000000f43be0;  1 drivers
v0000000000f90da0_0 .net "w4", 0 0, L_0000000000f43c50;  1 drivers
v0000000000f901c0_0 .net "w5", 0 0, L_0000000000f43cc0;  1 drivers
v0000000000f90e40_0 .net "w6", 0 0, L_0000000000f43d30;  1 drivers
v0000000000f90120_0 .net "w7", 0 0, L_0000000000f43da0;  1 drivers
v0000000000f90b20_0 .net "w8", 0 0, L_0000000000f910d0;  1 drivers
v0000000000f90080_0 .net "w9", 0 0, L_0000000000f91260;  1 drivers
    .scope S_0000000000f355c0;
T_0 ;
    %vpi_call 2 19 "$display", "A B C D | Y" {0 0 0};
    %vpi_call 2 20 "$display", "--------" {0 0 0};
    %vpi_call 2 21 "$monitor", "%b %b %b %b| %b", v0000000000f35260_0, v0000000000f37ee0_0, v0000000000f37f80_0, v0000000000f38020_0, v0000000000f90620_0 {0 0 0};
    %pushi/vec4 0, 0, 1;
    %store/vec4 v0000000000f35260_0, 0, 1;
    %pushi/vec4 0, 0, 1;
    %store/vec4 v0000000000f37ee0_0, 0, 1;
    %pushi/vec4 0, 0, 1;
    %store/vec4 v0000000000f37f80_0, 0, 1;
    %pushi/vec4 0, 0, 1;
    %store/vec4 v0000000000f38020_0, 0, 1;
    %delay 1, 0;
    %pushi/vec4 1, 0, 1;
    %store/vec4 v0000000000f38020_0, 0, 1;
    %delay 1, 0;
    %pushi/vec4 1, 0, 1;
    %store/vec4 v0000000000f37f80_0, 0, 1;
    %pushi/vec4 0, 0, 1;
    %store/vec4 v0000000000f38020_0, 0, 1;
    %delay 1, 0;
    %pushi/vec4 1, 0, 1;
    %store/vec4 v0000000000f38020_0, 0, 1;
    %delay 1, 0;
    %pushi/vec4 1, 0, 1;
    %store/vec4 v0000000000f37ee0_0, 0, 1;
    %pushi/vec4 0, 0, 1;
    %store/vec4 v0000000000f37f80_0, 0, 1;
    %pushi/vec4 0, 0, 1;
    %store/vec4 v0000000000f38020_0, 0, 1;
    %delay 1, 0;
    %pushi/vec4 1, 0, 1;
    %store/vec4 v0000000000f38020_0, 0, 1;
    %delay 1, 0;
    %pushi/vec4 1, 0, 1;
    %store/vec4 v0000000000f37f80_0, 0, 1;
    %pushi/vec4 0, 0, 1;
    %store/vec4 v0000000000f38020_0, 0, 1;
    %delay 1, 0;
    %pushi/vec4 1, 0, 1;
    %store/vec4 v0000000000f38020_0, 0, 1;
    %delay 1, 0;
    %pushi/vec4 1, 0, 1;
    %store/vec4 v0000000000f35260_0, 0, 1;
    %pushi/vec4 0, 0, 1;
    %store/vec4 v0000000000f37ee0_0, 0, 1;
    %pushi/vec4 0, 0, 1;
    %store/vec4 v0000000000f37f80_0, 0, 1;
    %pushi/vec4 0, 0, 1;
    %store/vec4 v0000000000f38020_0, 0, 1;
    %delay 1, 0;
    %pushi/vec4 1, 0, 1;
    %store/vec4 v0000000000f38020_0, 0, 1;
    %delay 1, 0;
    %pushi/vec4 1, 0, 1;
    %store/vec4 v0000000000f37f80_0, 0, 1;
    %pushi/vec4 0, 0, 1;
    %store/vec4 v0000000000f38020_0, 0, 1;
    %delay 1, 0;
    %pushi/vec4 1, 0, 1;
    %store/vec4 v0000000000f38020_0, 0, 1;
    %delay 1, 0;
    %pushi/vec4 1, 0, 1;
    %store/vec4 v0000000000f37ee0_0, 0, 1;
    %pushi/vec4 0, 0, 1;
    %store/vec4 v0000000000f37f80_0, 0, 1;
    %pushi/vec4 0, 0, 1;
    %store/vec4 v0000000000f38020_0, 0, 1;
    %delay 1, 0;
    %pushi/vec4 1, 0, 1;
    %store/vec4 v0000000000f38020_0, 0, 1;
    %delay 1, 0;
    %pushi/vec4 1, 0, 1;
    %store/vec4 v0000000000f37f80_0, 0, 1;
    %pushi/vec4 0, 0, 1;
    %store/vec4 v0000000000f38020_0, 0, 1;
    %delay 1, 0;
    %pushi/vec4 1, 0, 1;
    %store/vec4 v0000000000f38020_0, 0, 1;
    %delay 1, 0;
    %vpi_call 2 38 "$finish" {0 0 0};
    %end;
    .thread T_0;
    .scope S_0000000000f355c0;
T_1 ;
    %vpi_call 2 43 "$dumpfile", "TABLA4SOP_tb.vcd" {0 0 0};
    %vpi_call 2 44 "$dumpvars", 32'sb00000000000000000000000000000000, S_0000000000f355c0 {0 0 0};
    %end;
    .thread T_1;
# The file index is used to find the file name in the following table.
:file_names 3;
    "N/A";
    "<interactive>";
    "TABLA4SOP.v";
