#! /usr/local/iverilog/bin/vvp
:ivl_version "11.0 (devel)" "(s20150603-642-g3bdb50da)";
:ivl_delay_selection "TYPICAL";
:vpi_time_precision + 0;
:vpi_module "system";
:vpi_module "vhdl_sys";
:vpi_module "vhdl_textio";
:vpi_module "v2005_math";
:vpi_module "va_math";
S_0000000000868000 .scope module, "gates" "gates" 2 1;
 .timescale 0 0;
L_0000000000868190 .functor NOT 1, v0000000000863fd0_0, C4<0>, C4<0>, C4<0>;
L_0000000000864b40 .functor NOT 1, v000000000017b7c0_0, C4<0>, C4<0>, C4<0>;
L_0000000000176ff0 .functor NOT 1, v00000000008c4e40_0, C4<0>, C4<0>, C4<0>;
L_0000000000873da0 .functor NOT 1, v00000000008c4a80_0, C4<0>, C4<0>, C4<0>;
L_0000000000873e10 .functor OR 1, v0000000000863fd0_0, L_0000000000864b40, v00000000008c4e40_0, v00000000008c4a80_0;
L_00000000008c5040 .functor OR 1, v0000000000863fd0_0, L_0000000000864b40, v00000000008c4e40_0, L_0000000000873da0;
L_00000000008c50b0 .functor OR 1, v0000000000863fd0_0, L_0000000000864b40, L_0000000000176ff0, v00000000008c4a80_0;
L_00000000008c5240 .functor OR 1, v0000000000863fd0_0, L_0000000000864b40, L_0000000000176ff0, L_0000000000873da0;
L_00000000008c52b0 .functor OR 1, L_0000000000868190, v000000000017b7c0_0, v00000000008c4e40_0, L_0000000000873da0;
L_00000000008c5440 .functor OR 1, L_0000000000868190, v000000000017b7c0_0, L_0000000000176ff0, L_0000000000873da0;
L_00000000008c5540 .functor OR 1, L_0000000000868190, L_0000000000864b40, v00000000008c4e40_0, L_0000000000873da0;
L_00000000008c5640 .functor OR 1, L_0000000000868190, L_0000000000864b40, L_0000000000176ff0, L_0000000000873da0;
L_00000000008c5720 .functor OR 1, L_0000000000868190, L_0000000000864b40, v00000000008c4e40_0, v00000000008c4a80_0;
L_00000000008c56b0/0/0 .functor AND 1, L_0000000000873e10, L_00000000008c5040, L_00000000008c50b0, L_00000000008c5240;
L_00000000008c56b0/0/4 .functor AND 1, L_00000000008c52b0, L_00000000008c5440, L_00000000008c5540, L_00000000008c5640;
L_00000000008c56b0/0/8 .functor AND 1, L_00000000008c5720, C4<1>, C4<1>, C4<1>;
L_00000000008c56b0 .functor AND 1, L_00000000008c56b0/0/0, L_00000000008c56b0/0/4, L_00000000008c56b0/0/8, C4<1>;
v0000000000863fd0_0 .var "A", 0 0;
v000000000017b7c0_0 .var "B", 0 0;
v00000000008c4e40_0 .var "C", 0 0;
v00000000008c4a80_0 .var "D", 0 0;
v00000000008c49e0_0 .net "OUT", 0 0, L_00000000008c56b0;  1 drivers
v00000000008c4940_0 .net "w1", 0 0, L_0000000000868190;  1 drivers
v00000000008c48a0_0 .net "w10", 0 0, L_00000000008c5440;  1 drivers
v00000000008c4300_0 .net "w11", 0 0, L_00000000008c5540;  1 drivers
v00000000008c43a0_0 .net "w12", 0 0, L_00000000008c5640;  1 drivers
v00000000008c44e0_0 .net "w13", 0 0, L_00000000008c5720;  1 drivers
v00000000008c4620_0 .net "w2", 0 0, L_0000000000864b40;  1 drivers
v00000000008c4760_0 .net "w3", 0 0, L_0000000000176ff0;  1 drivers
v00000000008c4440_0 .net "w4", 0 0, L_0000000000873da0;  1 drivers
v00000000008c46c0_0 .net "w5", 0 0, L_0000000000873e10;  1 drivers
v00000000008c4580_0 .net "w6", 0 0, L_00000000008c5040;  1 drivers
v00000000008c4800_0 .net "w7", 0 0, L_00000000008c50b0;  1 drivers
v00000000008c4ee0_0 .net "w8", 0 0, L_00000000008c5240;  1 drivers
v00000000008c4b20_0 .net "w9", 0 0, L_00000000008c52b0;  1 drivers
    .scope S_0000000000868000;
T_0 ;
    %vpi_call 2 21 "$display", "A B C D | Y" {0 0 0};
    %vpi_call 2 22 "$display", "--------" {0 0 0};
    %vpi_call 2 23 "$monitor", "%b %b %b %b| %b", v0000000000863fd0_0, v000000000017b7c0_0, v00000000008c4e40_0, v00000000008c4a80_0, v00000000008c49e0_0 {0 0 0};
    %pushi/vec4 0, 0, 1;
    %store/vec4 v0000000000863fd0_0, 0, 1;
    %pushi/vec4 0, 0, 1;
    %store/vec4 v000000000017b7c0_0, 0, 1;
    %pushi/vec4 0, 0, 1;
    %store/vec4 v00000000008c4e40_0, 0, 1;
    %pushi/vec4 0, 0, 1;
    %store/vec4 v00000000008c4a80_0, 0, 1;
    %delay 1, 0;
    %pushi/vec4 1, 0, 1;
    %store/vec4 v00000000008c4a80_0, 0, 1;
    %delay 1, 0;
    %pushi/vec4 1, 0, 1;
    %store/vec4 v00000000008c4e40_0, 0, 1;
    %pushi/vec4 0, 0, 1;
    %store/vec4 v00000000008c4a80_0, 0, 1;
    %delay 1, 0;
    %pushi/vec4 1, 0, 1;
    %store/vec4 v00000000008c4a80_0, 0, 1;
    %delay 1, 0;
    %pushi/vec4 1, 0, 1;
    %store/vec4 v000000000017b7c0_0, 0, 1;
    %pushi/vec4 0, 0, 1;
    %store/vec4 v00000000008c4e40_0, 0, 1;
    %pushi/vec4 0, 0, 1;
    %store/vec4 v00000000008c4a80_0, 0, 1;
    %delay 1, 0;
    %pushi/vec4 1, 0, 1;
    %store/vec4 v00000000008c4a80_0, 0, 1;
    %delay 1, 0;
    %pushi/vec4 1, 0, 1;
    %store/vec4 v00000000008c4e40_0, 0, 1;
    %pushi/vec4 0, 0, 1;
    %store/vec4 v00000000008c4a80_0, 0, 1;
    %delay 1, 0;
    %pushi/vec4 1, 0, 1;
    %store/vec4 v00000000008c4a80_0, 0, 1;
    %delay 1, 0;
    %pushi/vec4 1, 0, 1;
    %store/vec4 v0000000000863fd0_0, 0, 1;
    %pushi/vec4 0, 0, 1;
    %store/vec4 v000000000017b7c0_0, 0, 1;
    %pushi/vec4 0, 0, 1;
    %store/vec4 v00000000008c4e40_0, 0, 1;
    %pushi/vec4 0, 0, 1;
    %store/vec4 v00000000008c4a80_0, 0, 1;
    %delay 1, 0;
    %pushi/vec4 1, 0, 1;
    %store/vec4 v00000000008c4a80_0, 0, 1;
    %delay 1, 0;
    %pushi/vec4 1, 0, 1;
    %store/vec4 v00000000008c4e40_0, 0, 1;
    %pushi/vec4 0, 0, 1;
    %store/vec4 v00000000008c4a80_0, 0, 1;
    %delay 1, 0;
    %pushi/vec4 1, 0, 1;
    %store/vec4 v00000000008c4a80_0, 0, 1;
    %delay 1, 0;
    %pushi/vec4 1, 0, 1;
    %store/vec4 v000000000017b7c0_0, 0, 1;
    %pushi/vec4 0, 0, 1;
    %store/vec4 v00000000008c4e40_0, 0, 1;
    %pushi/vec4 0, 0, 1;
    %store/vec4 v00000000008c4a80_0, 0, 1;
    %delay 1, 0;
    %pushi/vec4 1, 0, 1;
    %store/vec4 v00000000008c4a80_0, 0, 1;
    %delay 1, 0;
    %pushi/vec4 1, 0, 1;
    %store/vec4 v00000000008c4e40_0, 0, 1;
    %pushi/vec4 0, 0, 1;
    %store/vec4 v00000000008c4a80_0, 0, 1;
    %delay 1, 0;
    %pushi/vec4 1, 0, 1;
    %store/vec4 v00000000008c4a80_0, 0, 1;
    %delay 1, 0;
    %vpi_call 2 40 "$finish" {0 0 0};
    %end;
    .thread T_0;
    .scope S_0000000000868000;
T_1 ;
    %vpi_call 2 45 "$dumpfile", "TABLA3POS_tb.vcd" {0 0 0};
    %vpi_call 2 46 "$dumpvars", 32'sb00000000000000000000000000000000, S_0000000000868000 {0 0 0};
    %end;
    .thread T_1;
# The file index is used to find the file name in the following table.
:file_names 3;
    "N/A";
    "<interactive>";
    "TABLA3POS.v";
