#! /usr/local/iverilog/bin/vvp
:ivl_version "11.0 (devel)" "(s20150603-642-g3bdb50da)";
:ivl_delay_selection "TYPICAL";
:vpi_time_precision + 0;
:vpi_module "system";
:vpi_module "vhdl_sys";
:vpi_module "vhdl_textio";
:vpi_module "v2005_math";
:vpi_module "va_math";
S_00000000010455c0 .scope module, "gates" "gates" 2 1;
 .timescale 0 0;
L_00000000008fe6e0 .functor NOT 1, v0000000001045260_0, C4<0>, C4<0>, C4<0>;
L_0000000001053b70 .functor NOT 1, v0000000001047ee0_0, C4<0>, C4<0>, C4<0>;
L_0000000001053be0 .functor NOT 1, v0000000001047f80_0, C4<0>, C4<0>, C4<0>;
L_0000000001053c50 .functor NOT 1, v0000000001048020_0, C4<0>, C4<0>, C4<0>;
L_0000000001053cc0 .functor AND 1, L_00000000008fe6e0, L_0000000001053b70, L_0000000001053be0, L_0000000001053c50;
L_0000000001053d30 .functor AND 1, L_00000000008fe6e0, L_0000000001053b70, L_0000000001053be0, v0000000001048020_0;
L_0000000001053da0 .functor AND 1, L_00000000008fe6e0, L_0000000001053b70, v0000000001047f80_0, L_0000000001053c50;
L_00000000010a10d0 .functor AND 1, L_00000000008fe6e0, L_0000000001053b70, v0000000001047f80_0, v0000000001048020_0;
L_00000000010a1140 .functor AND 1, v0000000001045260_0, L_0000000001053b70, L_0000000001053be0, L_0000000001053c50;
L_00000000010a12d0 .functor AND 1, v0000000001045260_0, L_0000000001053b70, v0000000001047f80_0, L_0000000001053c50;
L_00000000010a13d0 .functor AND 1, v0000000001045260_0, v0000000001047ee0_0, v0000000001047f80_0, L_0000000001053c50;
L_00000000010a14d0/0/0 .functor OR 1, L_0000000001053cc0, L_0000000001053d30, L_0000000001053da0, L_00000000010a10d0;
L_00000000010a14d0/0/4 .functor OR 1, L_00000000010a1140, L_00000000010a12d0, L_00000000010a13d0, C4<0>;
L_00000000010a14d0 .functor OR 1, L_00000000010a14d0/0/0, L_00000000010a14d0/0/4, C4<0>, C4<0>;
v0000000001045260_0 .var "A", 0 0;
v0000000001047ee0_0 .var "B", 0 0;
v0000000001047f80_0 .var "C", 0 0;
v0000000001048020_0 .var "D", 0 0;
v00000000010a0d00_0 .net "OUT", 0 0, L_00000000010a14d0;  1 drivers
v00000000010a0440_0 .net "w1", 0 0, L_00000000008fe6e0;  1 drivers
v00000000010a0760_0 .net "w10", 0 0, L_00000000010a12d0;  1 drivers
v00000000010a0f80_0 .net "w11", 0 0, L_00000000010a13d0;  1 drivers
v00000000010a06c0_0 .net "w2", 0 0, L_0000000001053b70;  1 drivers
v00000000010a0940_0 .net "w3", 0 0, L_0000000001053be0;  1 drivers
v00000000010a03a0_0 .net "w4", 0 0, L_0000000001053c50;  1 drivers
v00000000010a01c0_0 .net "w5", 0 0, L_0000000001053cc0;  1 drivers
v00000000010a0800_0 .net "w6", 0 0, L_0000000001053d30;  1 drivers
v00000000010a0620_0 .net "w7", 0 0, L_0000000001053da0;  1 drivers
v00000000010a08a0_0 .net "w8", 0 0, L_00000000010a10d0;  1 drivers
v00000000010a0260_0 .net "w9", 0 0, L_00000000010a1140;  1 drivers
    .scope S_00000000010455c0;
T_0 ;
    %vpi_call 2 18 "$display", "A B C D | Y" {0 0 0};
    %vpi_call 2 19 "$display", "--------" {0 0 0};
    %vpi_call 2 20 "$monitor", "%b %b %b %b| %b", v0000000001045260_0, v0000000001047ee0_0, v0000000001047f80_0, v0000000001048020_0, v00000000010a0d00_0 {0 0 0};
    %pushi/vec4 0, 0, 1;
    %store/vec4 v0000000001045260_0, 0, 1;
    %pushi/vec4 0, 0, 1;
    %store/vec4 v0000000001047ee0_0, 0, 1;
    %pushi/vec4 0, 0, 1;
    %store/vec4 v0000000001047f80_0, 0, 1;
    %pushi/vec4 0, 0, 1;
    %store/vec4 v0000000001048020_0, 0, 1;
    %delay 1, 0;
    %pushi/vec4 1, 0, 1;
    %store/vec4 v0000000001048020_0, 0, 1;
    %delay 1, 0;
    %pushi/vec4 1, 0, 1;
    %store/vec4 v0000000001047f80_0, 0, 1;
    %pushi/vec4 0, 0, 1;
    %store/vec4 v0000000001048020_0, 0, 1;
    %delay 1, 0;
    %pushi/vec4 1, 0, 1;
    %store/vec4 v0000000001048020_0, 0, 1;
    %delay 1, 0;
    %pushi/vec4 1, 0, 1;
    %store/vec4 v0000000001047ee0_0, 0, 1;
    %pushi/vec4 0, 0, 1;
    %store/vec4 v0000000001047f80_0, 0, 1;
    %pushi/vec4 0, 0, 1;
    %store/vec4 v0000000001048020_0, 0, 1;
    %delay 1, 0;
    %pushi/vec4 1, 0, 1;
    %store/vec4 v0000000001048020_0, 0, 1;
    %delay 1, 0;
    %pushi/vec4 1, 0, 1;
    %store/vec4 v0000000001047f80_0, 0, 1;
    %pushi/vec4 0, 0, 1;
    %store/vec4 v0000000001048020_0, 0, 1;
    %delay 1, 0;
    %pushi/vec4 1, 0, 1;
    %store/vec4 v0000000001048020_0, 0, 1;
    %delay 1, 0;
    %pushi/vec4 1, 0, 1;
    %store/vec4 v0000000001045260_0, 0, 1;
    %pushi/vec4 0, 0, 1;
    %store/vec4 v0000000001047ee0_0, 0, 1;
    %pushi/vec4 0, 0, 1;
    %store/vec4 v0000000001047f80_0, 0, 1;
    %pushi/vec4 0, 0, 1;
    %store/vec4 v0000000001048020_0, 0, 1;
    %delay 1, 0;
    %pushi/vec4 1, 0, 1;
    %store/vec4 v0000000001048020_0, 0, 1;
    %delay 1, 0;
    %pushi/vec4 1, 0, 1;
    %store/vec4 v0000000001047f80_0, 0, 1;
    %pushi/vec4 0, 0, 1;
    %store/vec4 v0000000001048020_0, 0, 1;
    %delay 1, 0;
    %pushi/vec4 1, 0, 1;
    %store/vec4 v0000000001048020_0, 0, 1;
    %delay 1, 0;
    %pushi/vec4 1, 0, 1;
    %store/vec4 v0000000001047ee0_0, 0, 1;
    %pushi/vec4 0, 0, 1;
    %store/vec4 v0000000001047f80_0, 0, 1;
    %pushi/vec4 0, 0, 1;
    %store/vec4 v0000000001048020_0, 0, 1;
    %delay 1, 0;
    %pushi/vec4 1, 0, 1;
    %store/vec4 v0000000001048020_0, 0, 1;
    %delay 1, 0;
    %pushi/vec4 1, 0, 1;
    %store/vec4 v0000000001047f80_0, 0, 1;
    %pushi/vec4 0, 0, 1;
    %store/vec4 v0000000001048020_0, 0, 1;
    %delay 1, 0;
    %pushi/vec4 1, 0, 1;
    %store/vec4 v0000000001048020_0, 0, 1;
    %delay 1, 0;
    %vpi_call 2 37 "$finish" {0 0 0};
    %end;
    .thread T_0;
    .scope S_00000000010455c0;
T_1 ;
    %vpi_call 2 42 "$dumpfile", "TABLA3SOP_tb.vcd" {0 0 0};
    %vpi_call 2 43 "$dumpvars", 32'sb00000000000000000000000000000000, S_00000000010455c0 {0 0 0};
    %end;
    .thread T_1;
# The file index is used to find the file name in the following table.
:file_names 3;
    "N/A";
    "<interactive>";
    "TABLA3SOP.v";
